<?xml version="1.0" encoding="UTF-8"?>
<!-- Generated by org.testng.reporters.JUnitXMLReporter -->
<testsuite hostname="HP" ignored="0" name="Default test" tests="2" failures="0" timestamp="14 Dec 2017 16:21:49 GMT" time="6.666" errors="0">
  <testcase name="checkActiveLinks" time="0.0" classname="lazada.LoginFunction">
    <skipped/>
  </testcase> <!-- checkActiveLinks -->
  <testcase name="loginForm" time="0.0" classname="lazada.LoginFunction">
    <skipped/>
  </testcase> <!-- loginForm -->
</testsuite> <!-- Default test -->
